<?xml version="1.0" encoding="UTF-8"?>
<!-- Generated by org.testng.reporters.JUnitXMLReporter -->
<testsuite ignored="0" hostname="DESKTOP-60K5F2C" failures="0" tests="5" name="Rest Assured Framework" time="6.568" errors="0" timestamp="2022-08-29T12:17:42 PKT">
  <testcase classname="BaseCode.BaseCode" name="Get_ListUsers" time="2.651"/>
  <testcase classname="BaseCode.BaseCode" name="Get_SingleUser" time="0.581"/>
  <testcase classname="BaseCode.BaseCode" name="POST_Create_User" time="1.095"/>
  <testcase classname="BaseCode.BaseCode" name="PUT_Update_User" time="0.974"/>
  <testcase classname="BaseCode.BaseCode" name="Delete_Single_User" time="0.943"/>
</testsuite> <!-- Rest Assured Framework -->
