<?xml version="1.0" encoding="UTF-8"?>
<!-- Generated by org.testng.reporters.JUnitXMLReporter -->
<testsuite ignored="0" hostname="DESKTOP-60K5F2C" failures="0" tests="5" name="Assignment" time="6.172" errors="0" timestamp="2022-08-25T17:39:56 PKT">
  <testcase classname="BaseCode.BaseCode" name="Delete_Single_User" time="3.741"/>
  <testcase classname="BaseCode.BaseCode" name="Get_ListUsers" time="0.568"/>
  <testcase classname="BaseCode.BaseCode" name="Get_SingleUser" time="0.251"/>
  <testcase classname="BaseCode.BaseCode" name="POST_Create_User" time="0.706"/>
  <testcase classname="BaseCode.BaseCode" name="PUT_Update_User" time="0.597"/>
</testsuite> <!-- Assignment -->
