<?xml version="1.0" encoding="UTF-8"?>
<!-- Generated by org.testng.reporters.JUnitXMLReporter -->
<testsuite ignored="0" hostname="DESKTOP-60K5F2C" failures="0" tests="15" name="Assignment" time="33.678" errors="0" timestamp="2022-08-11T14:22:34 PKT">
  <testcase classname="CRUD" name="Delete_Single_User" time="4.2"/>
  <testcase classname="CRUD" name="Get_Delayed_Response_Users" time="4.274"/>
  <testcase classname="CRUD" name="Get_ListUsers" time="1.218"/>
  <testcase classname="CRUD" name="Get_List_Resource" time="1.035"/>
  <testcase classname="CRUD" name="Get_SingleUser" time="1.046"/>
  <testcase classname="CRUD" name="Get_Single_Resource" time="1.863"/>
  <testcase classname="CRUD" name="Get_Single_Resource_Not_Found" time="2.676"/>
  <testcase classname="CRUD" name="Get_Single_User_Not_Found" time="2.054"/>
  <testcase classname="CRUD" name="POST_Create_User" time="2.238"/>
  <testcase classname="CRUD" name="PUT_Update_User" time="2.177"/>
  <testcase classname="CRUD" name="Patch_Update_User" time="2.116"/>
  <testcase classname="CRUD" name="Post_Login_User_Success_full" time="2.112"/>
  <testcase classname="CRUD" name="Post_Login_User_UnSuccess_full" time="2.389"/>
  <testcase classname="CRUD" name="Post_Register_User_Success_full" time="1.886"/>
  <testcase classname="CRUD" name="Post_Register_User_Un_Success_full" time="2.089"/>
</testsuite> <!-- Assignment -->
