<?xml version="1.0" encoding="UTF-8"?>
<testng-results ignored="0" total="5" passed="5" failed="0" skipped="0">
  <reporter-output>
  </reporter-output>
  <suite started-at="2022-08-29T12:17:36 PKT" name="Rest Assured Framework" finished-at="2022-08-29T12:17:42 PKT" duration-ms="6568">
    <groups>
    </groups>
    <test started-at="2022-08-29T12:17:36 PKT" name="Rest Assured Framework" finished-at="2022-08-29T12:17:42 PKT" duration-ms="6568">
      <class name="BaseCode.BaseCode">
        <test-method signature="Get_ListUsers()[pri:0, instance:BaseCode.BaseCode@7d1cfb8b]" started-at="2022-08-29T12:17:36 PKT" name="Get_ListUsers" finished-at="2022-08-29T12:17:39 PKT" duration-ms="2651" status="PASS">
          <reporter-output>
          </reporter-output>
        </test-method> <!-- Get_ListUsers -->
        <test-method signature="Get_SingleUser()[pri:0, instance:BaseCode.BaseCode@7d1cfb8b]" started-at="2022-08-29T12:17:39 PKT" name="Get_SingleUser" finished-at="2022-08-29T12:17:39 PKT" duration-ms="581" status="PASS">
          <reporter-output>
          </reporter-output>
        </test-method> <!-- Get_SingleUser -->
        <test-method signature="POST_Create_User()[pri:0, instance:BaseCode.BaseCode@7d1cfb8b]" started-at="2022-08-29T12:17:39 PKT" name="POST_Create_User" finished-at="2022-08-29T12:17:40 PKT" duration-ms="1095" status="PASS">
          <reporter-output>
          </reporter-output>
        </test-method> <!-- POST_Create_User -->
        <test-method signature="PUT_Update_User()[pri:0, instance:BaseCode.BaseCode@7d1cfb8b]" started-at="2022-08-29T12:17:40 PKT" name="PUT_Update_User" finished-at="2022-08-29T12:17:41 PKT" duration-ms="974" status="PASS">
          <reporter-output>
          </reporter-output>
        </test-method> <!-- PUT_Update_User -->
        <test-method signature="Delete_Single_User()[pri:0, instance:BaseCode.BaseCode@7d1cfb8b]" started-at="2022-08-29T12:17:41 PKT" name="Delete_Single_User" finished-at="2022-08-29T12:17:42 PKT" duration-ms="943" status="PASS">
          <reporter-output>
          </reporter-output>
        </test-method> <!-- Delete_Single_User -->
      </class> <!-- BaseCode.BaseCode -->
    </test> <!-- Rest Assured Framework -->
  </suite> <!-- Rest Assured Framework -->
</testng-results>
