<?xml version="1.0" encoding="UTF-8"?>
<testsuite xmlns:xsi="http://www.w3.org/2001/XMLSchema-instance" xsi:noNamespaceSchemaLocation="https://maven.apache.org/surefire/maven-surefire-plugin/xsd/surefire-test-report.xsd" name="TestSuite" time="8.263" tests="5" errors="0" skipped="0" failures="0">
  <properties>
[...]
</properties>
  <testcase name="Get_ListUsers" classname="BaseCode.BaseCode" time="2.665"/>
  <testcase name="Get_SingleUser" classname="BaseCode.BaseCode" time="0.576"/>
  <testcase name="POST_Create_User" classname="BaseCode.BaseCode" time="1.101"/>
  <testcase name="PUT_Update_User" classname="BaseCode.BaseCode" time="0.975"/>
  <testcase name="Delete_Single_User" classname="BaseCode.BaseCode" time="0.939"/>
</testsuite>