<?xml version="1.0" encoding="UTF-8"?>
<testng-results ignored="0" total="5" passed="5" failed="0" skipped="0">
  <reporter-output>
  </reporter-output>
  <suite started-at="2022-08-25T17:39:50 PKT" name="Default Suite" finished-at="2022-08-25T17:39:56 PKT" duration-ms="6172">
    <groups>
    </groups>
    <test started-at="2022-08-25T17:39:50 PKT" name="Assignment" finished-at="2022-08-25T17:39:56 PKT" duration-ms="6172">
      <class name="BaseCode.BaseCode">
        <test-method signature="Delete_Single_User()[pri:0, instance:BaseCode.BaseCode@31add175]" started-at="2022-08-25T17:39:50 PKT" name="Delete_Single_User" finished-at="2022-08-25T17:39:54 PKT" duration-ms="3741" status="PASS">
          <reporter-output>
          </reporter-output>
        </test-method> <!-- Delete_Single_User -->
        <test-method signature="Get_ListUsers()[pri:0, instance:BaseCode.BaseCode@31add175]" started-at="2022-08-25T17:39:54 PKT" name="Get_ListUsers" finished-at="2022-08-25T17:39:54 PKT" duration-ms="568" status="PASS">
          <reporter-output>
          </reporter-output>
        </test-method> <!-- Get_ListUsers -->
        <test-method signature="Get_SingleUser()[pri:0, instance:BaseCode.BaseCode@31add175]" started-at="2022-08-25T17:39:54 PKT" name="Get_SingleUser" finished-at="2022-08-25T17:39:55 PKT" duration-ms="251" status="PASS">
          <reporter-output>
          </reporter-output>
        </test-method> <!-- Get_SingleUser -->
        <test-method signature="POST_Create_User()[pri:0, instance:BaseCode.BaseCode@31add175]" started-at="2022-08-25T17:39:55 PKT" name="POST_Create_User" finished-at="2022-08-25T17:39:55 PKT" duration-ms="706" status="PASS">
          <reporter-output>
          </reporter-output>
        </test-method> <!-- POST_Create_User -->
        <test-method signature="PUT_Update_User()[pri:0, instance:BaseCode.BaseCode@31add175]" started-at="2022-08-25T17:39:55 PKT" name="PUT_Update_User" finished-at="2022-08-25T17:39:56 PKT" duration-ms="597" status="PASS">
          <reporter-output>
          </reporter-output>
        </test-method> <!-- PUT_Update_User -->
      </class> <!-- BaseCode.BaseCode -->
    </test> <!-- Assignment -->
  </suite> <!-- Default Suite -->
</testng-results>
