<?xml version="1.0" encoding="UTF-8"?>
<testng-results ignored="0" total="15" passed="15" failed="0" skipped="0">
  <reporter-output>
  </reporter-output>
  <suite started-at="2022-08-11T14:22:00 PKT" name="Default Suite" finished-at="2022-08-11T14:22:34 PKT" duration-ms="33678">
    <groups>
    </groups>
    <test started-at="2022-08-11T14:22:00 PKT" name="Assignment" finished-at="2022-08-11T14:22:34 PKT" duration-ms="33678">
      <class name="CRUD">
        <test-method signature="Delete_Single_User()[pri:0, instance:CRUD@1af146]" started-at="2022-08-11T14:22:00 PKT" name="Delete_Single_User" finished-at="2022-08-11T14:22:05 PKT" duration-ms="4200" status="PASS">
          <reporter-output>
          </reporter-output>
        </test-method> <!-- Delete_Single_User -->
        <test-method signature="Get_Delayed_Response_Users()[pri:0, instance:CRUD@1af146]" started-at="2022-08-11T14:22:05 PKT" name="Get_Delayed_Response_Users" finished-at="2022-08-11T14:22:09 PKT" duration-ms="4274" status="PASS">
          <reporter-output>
          </reporter-output>
        </test-method> <!-- Get_Delayed_Response_Users -->
        <test-method signature="Get_ListUsers()[pri:0, instance:CRUD@1af146]" started-at="2022-08-11T14:22:09 PKT" name="Get_ListUsers" finished-at="2022-08-11T14:22:10 PKT" duration-ms="1218" status="PASS">
          <reporter-output>
          </reporter-output>
        </test-method> <!-- Get_ListUsers -->
        <test-method signature="Get_List_Resource()[pri:0, instance:CRUD@1af146]" started-at="2022-08-11T14:22:10 PKT" name="Get_List_Resource" finished-at="2022-08-11T14:22:11 PKT" duration-ms="1035" status="PASS">
          <reporter-output>
          </reporter-output>
        </test-method> <!-- Get_List_Resource -->
        <test-method signature="Get_SingleUser()[pri:0, instance:CRUD@1af146]" started-at="2022-08-11T14:22:11 PKT" name="Get_SingleUser" finished-at="2022-08-11T14:22:12 PKT" duration-ms="1046" status="PASS">
          <reporter-output>
          </reporter-output>
        </test-method> <!-- Get_SingleUser -->
        <test-method signature="Get_Single_Resource()[pri:0, instance:CRUD@1af146]" started-at="2022-08-11T14:22:12 PKT" name="Get_Single_Resource" finished-at="2022-08-11T14:22:14 PKT" duration-ms="1863" status="PASS">
          <reporter-output>
          </reporter-output>
        </test-method> <!-- Get_Single_Resource -->
        <test-method signature="Get_Single_Resource_Not_Found()[pri:0, instance:CRUD@1af146]" started-at="2022-08-11T14:22:14 PKT" name="Get_Single_Resource_Not_Found" finished-at="2022-08-11T14:22:17 PKT" duration-ms="2676" status="PASS">
          <reporter-output>
          </reporter-output>
        </test-method> <!-- Get_Single_Resource_Not_Found -->
        <test-method signature="Get_Single_User_Not_Found()[pri:0, instance:CRUD@1af146]" started-at="2022-08-11T14:22:17 PKT" name="Get_Single_User_Not_Found" finished-at="2022-08-11T14:22:19 PKT" duration-ms="2054" status="PASS">
          <reporter-output>
          </reporter-output>
        </test-method> <!-- Get_Single_User_Not_Found -->
        <test-method signature="POST_Create_User()[pri:0, instance:CRUD@1af146]" started-at="2022-08-11T14:22:19 PKT" name="POST_Create_User" finished-at="2022-08-11T14:22:21 PKT" duration-ms="2238" status="PASS">
          <reporter-output>
          </reporter-output>
        </test-method> <!-- POST_Create_User -->
        <test-method signature="PUT_Update_User()[pri:0, instance:CRUD@1af146]" started-at="2022-08-11T14:22:21 PKT" name="PUT_Update_User" finished-at="2022-08-11T14:22:23 PKT" duration-ms="2177" status="PASS">
          <reporter-output>
          </reporter-output>
        </test-method> <!-- PUT_Update_User -->
        <test-method signature="Patch_Update_User()[pri:0, instance:CRUD@1af146]" started-at="2022-08-11T14:22:23 PKT" name="Patch_Update_User" finished-at="2022-08-11T14:22:25 PKT" duration-ms="2116" status="PASS">
          <reporter-output>
          </reporter-output>
        </test-method> <!-- Patch_Update_User -->
        <test-method signature="Post_Login_User_Success_full()[pri:0, instance:CRUD@1af146]" started-at="2022-08-11T14:22:25 PKT" name="Post_Login_User_Success_full" finished-at="2022-08-11T14:22:28 PKT" duration-ms="2112" status="PASS">
          <reporter-output>
          </reporter-output>
        </test-method> <!-- Post_Login_User_Success_full -->
        <test-method signature="Post_Login_User_UnSuccess_full()[pri:0, instance:CRUD@1af146]" started-at="2022-08-11T14:22:28 PKT" name="Post_Login_User_UnSuccess_full" finished-at="2022-08-11T14:22:30 PKT" duration-ms="2389" status="PASS">
          <reporter-output>
          </reporter-output>
        </test-method> <!-- Post_Login_User_UnSuccess_full -->
        <test-method signature="Post_Register_User_Success_full()[pri:0, instance:CRUD@1af146]" started-at="2022-08-11T14:22:30 PKT" name="Post_Register_User_Success_full" finished-at="2022-08-11T14:22:32 PKT" duration-ms="1886" status="PASS">
          <reporter-output>
          </reporter-output>
        </test-method> <!-- Post_Register_User_Success_full -->
        <test-method signature="Post_Register_User_Un_Success_full()[pri:0, instance:CRUD@1af146]" started-at="2022-08-11T14:22:32 PKT" name="Post_Register_User_Un_Success_full" finished-at="2022-08-11T14:22:34 PKT" duration-ms="2089" status="PASS">
          <reporter-output>
          </reporter-output>
        </test-method> <!-- Post_Register_User_Un_Success_full -->
      </class> <!-- CRUD -->
    </test> <!-- Assignment -->
  </suite> <!-- Default Suite -->
</testng-results>
